removed ‘itower_20190829.tar.gz’
Cleaning all backup files completed.
Starting data pump export for itower...
Data pump export completed.
Archiving backup files...
expdp_itower.dmp
expdp_itower.log
removed ‘expdp_itower.dmp’
removed ‘expdp_itower.log’
Archiving completed.
Moving to 192.168.1.60
Moving archive file completed.
Cleaning all backup files completed.
Starting data pump export for itower...
Data pump export completed.
Archiving backup files...
expdp_itower.dmp
expdp_itower.log
removed ‘expdp_itower.dmp’
removed ‘expdp_itower.log’
Archiving completed.
Moving to 192.168.1.60
Moving archive file completed.
removed ‘itower_20190829.tar.gz’
Cleaning all backup files completed.
Starting data pump export for itower...
Data pump export completed.
Archiving backup files...
expdp_itower.dmp
expdp_itower.log
removed ‘expdp_itower.dmp’
removed ‘expdp_itower.log’
Archiving completed.
Moving to 192.168.1.60
Moving archive file completed.
removed ‘itower_20190830.tar.gz’
Cleaning all backup files completed.
Starting data pump export for itower...
Data pump export completed.
Archiving backup files...
expdp_itower.dmp
expdp_itower.log
removed ‘expdp_itower.dmp’
removed ‘expdp_itower.log’
Archiving completed.
Moving to 192.168.1.60
Moving archive file completed.
removed ‘itower_20190831.tar.gz’
Cleaning all backup files completed.
Starting data pump export for itower...
Data pump export completed.
Archiving backup files...
expdp_itower.dmp
expdp_itower.log
removed ‘expdp_itower.dmp’
removed ‘expdp_itower.log’
Archiving completed.
Moving to 192.168.1.60
Moving archive file completed.
removed ‘itower_20190901.tar.gz’
Cleaning all backup files completed.
Starting data pump export for itower...
Data pump export completed.
Archiving backup files...
expdp_itower.dmp
expdp_itower.log
removed ‘expdp_itower.dmp’
removed ‘expdp_itower.log’
Archiving completed.
Moving to 192.168.1.60
Moving archive file completed.
removed ‘itower_20190902.tar.gz’
Cleaning all backup files completed.
Starting data pump export for itower...
Data pump export completed.
Archiving backup files...
expdp_itower.dmp
expdp_itower.log
removed ‘expdp_itower.dmp’
removed ‘expdp_itower.log’
Archiving completed.
Moving to 192.168.1.60
Moving archive file completed.
removed ‘itower_20190903.tar.gz’
Cleaning all backup files completed.
Starting data pump export for itower...
Data pump export completed.
Archiving backup files...
expdp_itower.dmp
expdp_itower.log
removed ‘expdp_itower.dmp’
removed ‘expdp_itower.log’
Archiving completed.
Moving to 192.168.1.60
Moving archive file completed.
removed ‘itower_20190904.tar.gz’
Cleaning all backup files completed.
Starting data pump export for itower...
Data pump export completed.
Archiving backup files...
expdp_itower.dmp
expdp_itower.log
removed ‘expdp_itower.dmp’
removed ‘expdp_itower.log’
Archiving completed.
Moving to 192.168.1.60
Moving archive file completed.
removed ‘itower_20190905.tar.gz’
Cleaning all backup files completed.
Starting data pump export for itower...
Data pump export completed.
Archiving backup files...
expdp_itower.dmp
expdp_itower.log
removed ‘expdp_itower.dmp’
removed ‘expdp_itower.log’
Archiving completed.
Moving to 192.168.1.60
Moving archive file completed.
removed ‘itower_20190906.tar.gz’
Cleaning all backup files completed.
Starting data pump export for itower...
Data pump export completed.
Archiving backup files...
expdp_itower.dmp
expdp_itower.log
removed ‘expdp_itower.dmp’
removed ‘expdp_itower.log’
Archiving completed.
Moving to 192.168.1.60
Moving archive file completed.
removed ‘itower_20190907.tar.gz’
Cleaning all backup files completed.
Starting data pump export for itower...
Data pump export completed.
Archiving backup files...
expdp_itower.dmp
expdp_itower.log
removed ‘expdp_itower.dmp’
removed ‘expdp_itower.log’
Archiving completed.
Moving to 192.168.1.60
Moving archive file completed.
removed ‘itower_20190908.tar.gz’
Cleaning all backup files completed.
Starting data pump export for itower...
Data pump export completed.
Archiving backup files...
expdp_itower.dmp
expdp_itower.log
removed ‘expdp_itower.dmp’
removed ‘expdp_itower.log’
Archiving completed.
Moving to 192.168.1.60
Moving archive file completed.
removed ‘itower_20190909.tar.gz’
Cleaning all backup files completed.
Starting data pump export for itower...
Data pump export completed.
Archiving backup files...
expdp_itower.dmp
expdp_itower.log
removed ‘expdp_itower.dmp’
removed ‘expdp_itower.log’
Archiving completed.
Moving to 192.168.1.60
Moving archive file completed.
removed ‘itower_20190910.tar.gz’
Cleaning all backup files completed.
Starting data pump export for itower...
Data pump export completed.
Archiving backup files...
expdp_itower.dmp
expdp_itower.log
removed ‘expdp_itower.dmp’
removed ‘expdp_itower.log’
Archiving completed.
Moving to 192.168.1.60
Moving archive file completed.
removed ‘itower_20190911.tar.gz’
Cleaning all backup files completed.
Starting data pump export for itower...
Data pump export completed.
Archiving backup files...
expdp_itower.dmp
expdp_itower.log
removed ‘expdp_itower.dmp’
removed ‘expdp_itower.log’
Archiving completed.
Moving to 192.168.1.60
Moving archive file completed.
removed ‘itower_20190912.tar.gz’
Cleaning all backup files completed.
Starting data pump export for itower...
Data pump export completed.
Archiving backup files...
expdp_itower.dmp
expdp_itower.log
removed ‘expdp_itower.dmp’
removed ‘expdp_itower.log’
Archiving completed.
Moving to 192.168.1.60
Moving archive file completed.
removed ‘itower_20190913.tar.gz’
Cleaning all backup files completed.
Starting data pump export for itower...
Data pump export completed.
Archiving backup files...
expdp_itower.dmp
expdp_itower.log
removed ‘expdp_itower.dmp’
removed ‘expdp_itower.log’
Archiving completed.
Moving to 192.168.1.60
Moving archive file completed.
removed ‘itower_20190914.tar.gz’
Cleaning all backup files completed.
Starting data pump export for itower...
Data pump export completed.
Archiving backup files...
expdp_itower.dmp
expdp_itower.log
removed ‘expdp_itower.dmp’
removed ‘expdp_itower.log’
Archiving completed.
Moving to 192.168.1.60
Moving archive file completed.
removed ‘itower_20190915.tar.gz’
Cleaning all backup files completed.
Starting data pump export for itower...
Data pump export completed.
Archiving backup files...
expdp_itower.dmp
expdp_itower.log
removed ‘expdp_itower.dmp’
removed ‘expdp_itower.log’
Archiving completed.
Moving to 192.168.1.60
Moving archive file completed.
removed ‘itower_20190916.tar.gz’
Cleaning all backup files completed.
Starting data pump export for itower...
Data pump export completed.
Archiving backup files...
expdp_itower.dmp
expdp_itower.log
removed ‘expdp_itower.dmp’
removed ‘expdp_itower.log’
Archiving completed.
Moving to 192.168.1.60
Moving archive file completed.
removed ‘itower_20190917.tar.gz’
Cleaning all backup files completed.
Starting data pump export for itower...
Data pump export completed.
Archiving backup files...
expdp_itower.dmp
expdp_itower.log
removed ‘expdp_itower.dmp’
removed ‘expdp_itower.log’
Archiving completed.
Moving to 192.168.1.60
Moving archive file completed.
removed ‘itower_20190918.tar.gz’
Cleaning all backup files completed.
Starting data pump export for itower...
Data pump export completed.
Archiving backup files...
expdp_itower.dmp
expdp_itower.log
removed ‘expdp_itower.dmp’
removed ‘expdp_itower.log’
Archiving completed.
Moving to 192.168.1.60
Moving archive file completed.
removed ‘itower_20190919.tar.gz’
Cleaning all backup files completed.
Starting data pump export for itower...
Data pump export completed.
Archiving backup files...
expdp_itower.dmp
expdp_itower.log
removed ‘expdp_itower.dmp’
removed ‘expdp_itower.log’
Archiving completed.
Moving to 192.168.1.60
Moving archive file completed.
removed ‘itower_20190920.tar.gz’
Cleaning all backup files completed.
Starting data pump export for itower...
Data pump export completed.
Archiving backup files...
expdp_itower.dmp
expdp_itower.log
removed ‘expdp_itower.dmp’
removed ‘expdp_itower.log’
Archiving completed.
Moving to 192.168.1.60
Moving archive file completed.
removed ‘itower_20190921.tar.gz’
Cleaning all backup files completed.
Starting data pump export for itower...
Data pump export completed.
Archiving backup files...
expdp_itower.dmp
expdp_itower.log
removed ‘expdp_itower.dmp’
removed ‘expdp_itower.log’
Archiving completed.
Moving to 192.168.1.60
Moving archive file completed.
removed ‘itower_20190922.tar.gz’
Cleaning all backup files completed.
Starting data pump export for itower...
Data pump export completed.
Archiving backup files...
expdp_itower.dmp
expdp_itower.log
removed ‘expdp_itower.dmp’
removed ‘expdp_itower.log’
Archiving completed.
Moving to 192.168.1.60
Moving archive file completed.
removed ‘itower_20190923.tar.gz’
Cleaning all backup files completed.
Starting data pump export for itower...
Data pump export completed.
Archiving backup files...
expdp_itower.dmp
expdp_itower.log
removed ‘expdp_itower.dmp’
removed ‘expdp_itower.log’
Archiving completed.
Moving to 192.168.1.60
Moving archive file completed.
removed ‘itower_20190924.tar.gz’
Cleaning all backup files completed.
Starting data pump export for itower...
Data pump export completed.
Archiving backup files...
expdp_itower.dmp
expdp_itower.log
removed ‘expdp_itower.dmp’
removed ‘expdp_itower.log’
Archiving completed.
Moving to 192.168.1.60
Moving archive file completed.
removed ‘itower_20190925.tar.gz’
Cleaning all backup files completed.
Starting data pump export for itower...
Data pump export completed.
Archiving backup files...
expdp_itower.dmp
expdp_itower.log
removed ‘expdp_itower.dmp’
removed ‘expdp_itower.log’
Archiving completed.
Moving to 192.168.1.60
Moving archive file completed.
removed ‘itower_20190926.tar.gz’
Cleaning all backup files completed.
Starting data pump export for itower...
Data pump export completed.
Archiving backup files...
expdp_itower.dmp
expdp_itower.log
removed ‘expdp_itower.dmp’
removed ‘expdp_itower.log’
Archiving completed.
Moving to 192.168.1.60
Moving archive file completed.
removed ‘itower_20190927.tar.gz’
Cleaning all backup files completed.
Starting data pump export for itower...
Data pump export completed.
Archiving backup files...
expdp_itower.dmp
expdp_itower.log
removed ‘expdp_itower.dmp’
removed ‘expdp_itower.log’
Archiving completed.
Moving to 192.168.1.60
Moving archive file completed.
removed ‘itower_20190928.tar.gz’
Cleaning all backup files completed.
Starting data pump export for itower...
Data pump export completed.
Archiving backup files...
expdp_itower.dmp
expdp_itower.log
removed ‘expdp_itower.dmp’
removed ‘expdp_itower.log’
Archiving completed.
Moving to 192.168.1.60
Moving archive file completed.
removed ‘itower_20190929.tar.gz’
Cleaning all backup files completed.
Starting data pump export for itower...
Data pump export completed.
Archiving backup files...
expdp_itower.dmp
expdp_itower.log
removed ‘expdp_itower.dmp’
removed ‘expdp_itower.log’
Archiving completed.
Moving to 192.168.1.60
Moving archive file completed.
removed ‘itower_20190930.tar.gz’
Cleaning all backup files completed.
Starting data pump export for itower...
Data pump export completed.
Archiving backup files...
expdp_itower.dmp
expdp_itower.log
removed ‘expdp_itower.dmp’
removed ‘expdp_itower.log’
Archiving completed.
Moving to 192.168.1.60
Moving archive file completed.
removed ‘itower_20191001.tar.gz’
Cleaning all backup files completed.
Starting data pump export for itower...
Data pump export completed.
Archiving backup files...
expdp_itower.dmp
expdp_itower.log
removed ‘expdp_itower.dmp’
removed ‘expdp_itower.log’
Archiving completed.
Moving to 192.168.1.60
Moving archive file completed.
removed ‘itower_20191002.tar.gz’
Cleaning all backup files completed.
Starting data pump export for itower...
Data pump export completed.
Archiving backup files...
expdp_itower.dmp
expdp_itower.log
removed ‘expdp_itower.dmp’
removed ‘expdp_itower.log’
Archiving completed.
Moving to 192.168.1.60
Moving archive file completed.
removed ‘itower_20191003.tar.gz’
Cleaning all backup files completed.
Starting data pump export for itower...
Data pump export completed.
Archiving backup files...
expdp_itower.dmp
expdp_itower.log
removed ‘expdp_itower.dmp’
removed ‘expdp_itower.log’
Archiving completed.
Moving to 192.168.1.60
Moving archive file completed.
removed ‘itower_20191004.tar.gz’
Cleaning all backup files completed.
Starting data pump export for itower...
Data pump export completed.
Archiving backup files...
expdp_itower.dmp
expdp_itower.log
removed ‘expdp_itower.dmp’
removed ‘expdp_itower.log’
Archiving completed.
Moving to 192.168.1.60
Moving archive file completed.
removed ‘backup.log’
removed ‘itower_20191005.tar.gz’
Cleaning all backup files completed.
Starting data pump export for itower...
Data pump export completed.
Archiving backup files...
expdp_itower.dmp
expdp_itower.log
removed ‘expdp_itower.dmp’
removed ‘expdp_itower.log’
Archiving completed.
Moving to 192.168.1.60
Moving archive file completed.
removed ‘itower_20191006.tar.gz’
Cleaning all backup files completed.
Starting data pump export for itower...
Data pump export completed.
Archiving backup files...
expdp_itower.dmp
expdp_itower.log
removed ‘expdp_itower.dmp’
removed ‘expdp_itower.log’
Archiving completed.
Moving to 192.168.1.60
Moving archive file completed.
removed ‘itower_20191007.tar.gz’
Cleaning all backup files completed.
Starting data pump export for itower...
Data pump export completed.
Archiving backup files...
expdp_itower.dmp
expdp_itower.log
removed ‘expdp_itower.dmp’
removed ‘expdp_itower.log’
Archiving completed.
Moving to 192.168.1.60
Moving archive file completed.
removed ‘itower_20191008.tar.gz’
Cleaning all backup files completed.
Starting data pump export for itower...
Data pump export completed.
Archiving backup files...
expdp_itower.dmp
expdp_itower.log
removed ‘expdp_itower.dmp’
removed ‘expdp_itower.log’
Archiving completed.
Moving to 192.168.1.60
Moving archive file completed.
removed ‘itower_20191009.tar.gz’
Cleaning all backup files completed.
Starting data pump export for itower...
Data pump export completed.
Archiving backup files...
expdp_itower.dmp
expdp_itower.log
removed ‘expdp_itower.dmp’
removed ‘expdp_itower.log’
Archiving completed.
Moving to 192.168.1.60
Moving archive file completed.
removed ‘itower_20191010.tar.gz’
Cleaning all backup files completed.
Starting data pump export for itower...
Data pump export completed.
Archiving backup files...
expdp_itower.dmp
expdp_itower.log
removed ‘expdp_itower.dmp’
removed ‘expdp_itower.log’
Archiving completed.
Moving to 192.168.1.60
Moving archive file completed.
removed ‘itower_20191011.tar.gz’
Cleaning all backup files completed.
Starting data pump export for itower...
Data pump export completed.
Archiving backup files...
expdp_itower.dmp
expdp_itower.log
removed ‘expdp_itower.dmp’
removed ‘expdp_itower.log’
Archiving completed.
Moving to 192.168.1.60
Moving archive file completed.
removed ‘itower_20191012.tar.gz’
Cleaning all backup files completed.
Starting data pump export for itower...
Data pump export completed.
Archiving backup files...
expdp_itower.dmp
expdp_itower.log
removed ‘expdp_itower.dmp’
removed ‘expdp_itower.log’
Archiving completed.
Moving to 192.168.1.60
Moving archive file completed.
removed ‘itower_20191013.tar.gz’
Cleaning all backup files completed.
Starting data pump export for itower...
Data pump export completed.
Archiving backup files...
expdp_itower.dmp
expdp_itower.log
removed ‘expdp_itower.dmp’
removed ‘expdp_itower.log’
Archiving completed.
Moving to 192.168.1.60
Moving archive file completed.
removed ‘itower_20191014.tar.gz’
Cleaning all backup files completed.
Starting data pump export for itower...
Data pump export completed.
Archiving backup files...
expdp_itower.dmp
expdp_itower.log
removed ‘expdp_itower.dmp’
removed ‘expdp_itower.log’
Archiving completed.
Moving to 192.168.1.60
Moving archive file completed.
removed ‘itower_20191015.tar.gz’
Cleaning all backup files completed.
Starting data pump export for itower...
Data pump export completed.
Archiving backup files...
expdp_itower.dmp
expdp_itower.log
removed ‘expdp_itower.dmp’
removed ‘expdp_itower.log’
Archiving completed.
Moving to 192.168.1.60
Moving archive file completed.
removed ‘itower_20191016.tar.gz’
Cleaning all backup files completed.
Starting data pump export for itower...
Data pump export completed.
Archiving backup files...
expdp_itower.dmp
expdp_itower.log
removed ‘expdp_itower.dmp’
removed ‘expdp_itower.log’
Archiving completed.
Moving to 192.168.1.60
Moving archive file completed.
removed ‘itower_20191017.tar.gz’
Cleaning all backup files completed.
Starting data pump export for itower...
Data pump export completed.
Archiving backup files...
expdp_itower.dmp
expdp_itower.log
removed ‘expdp_itower.dmp’
removed ‘expdp_itower.log’
Archiving completed.
Moving to 192.168.1.60
Moving archive file completed.
removed ‘itower_20191018.tar.gz’
Cleaning all backup files completed.
Starting data pump export for itower...
Data pump export completed.
Archiving backup files...
expdp_itower.dmp
expdp_itower.log
removed ‘expdp_itower.dmp’
removed ‘expdp_itower.log’
Archiving completed.
Moving to 192.168.1.60
Moving archive file completed.
removed ‘itower_20191019.tar.gz’
Cleaning all backup files completed.
Starting data pump export for itower...
Data pump export completed.
Archiving backup files...
expdp_itower.dmp
expdp_itower.log
removed ‘expdp_itower.dmp’
removed ‘expdp_itower.log’
Archiving completed.
Moving to 192.168.1.60
Moving archive file completed.
removed ‘itower_20191020.tar.gz’
Cleaning all backup files completed.
Starting data pump export for itower...
Data pump export completed.
Archiving backup files...
expdp_itower.dmp
expdp_itower.log
removed ‘expdp_itower.dmp’
removed ‘expdp_itower.log’
Archiving completed.
Moving to 192.168.1.60
Moving archive file completed.
removed ‘itower_20191021.tar.gz’
Cleaning all backup files completed.
Starting data pump export for itower...
Data pump export completed.
Archiving backup files...
expdp_itower.dmp
expdp_itower.log
removed ‘expdp_itower.dmp’
removed ‘expdp_itower.log’
Archiving completed.
Moving to 192.168.1.60
Moving archive file completed.
removed ‘itower_20191022.tar.gz’
Cleaning all backup files completed.
Starting data pump export for itower...
Data pump export completed.
Archiving backup files...
expdp_itower.dmp
expdp_itower.log
removed ‘expdp_itower.dmp’
removed ‘expdp_itower.log’
Archiving completed.
Moving to 192.168.1.60
Moving archive file completed.
removed ‘itower_20191023.tar.gz’
Cleaning all backup files completed.
Starting data pump export for itower...
Data pump export completed.
Archiving backup files...
expdp_itower.dmp
expdp_itower.log
removed ‘expdp_itower.dmp’
removed ‘expdp_itower.log’
Archiving completed.
Moving to 192.168.1.60
Moving archive file completed.
removed ‘itower_20191024.tar.gz’
Cleaning all backup files completed.
Starting data pump export for itower...
Data pump export completed.
Archiving backup files...
expdp_itower.dmp
expdp_itower.log
removed ‘expdp_itower.dmp’
removed ‘expdp_itower.log’
Archiving completed.
Moving to 192.168.1.60
Moving archive file completed.
removed ‘itower_20191025.tar.gz’
Cleaning all backup files completed.
Starting data pump export for itower...
Data pump export completed.
Archiving backup files...
expdp_itower.dmp
expdp_itower.log
removed ‘expdp_itower.dmp’
removed ‘expdp_itower.log’
Archiving completed.
Moving to 192.168.1.60
Moving archive file completed.
removed ‘itower_20191026.tar.gz’
Cleaning all backup files completed.
Starting data pump export for itower...
Data pump export completed.
Archiving backup files...
expdp_itower.dmp
expdp_itower.log
removed ‘expdp_itower.dmp’
removed ‘expdp_itower.log’
Archiving completed.
Moving to 192.168.1.60
Moving archive file completed.
removed ‘itower_20191027.tar.gz’
Cleaning all backup files completed.
Starting data pump export for itower...
Data pump export completed.
Archiving backup files...
expdp_itower.dmp
expdp_itower.log
removed ‘expdp_itower.dmp’
removed ‘expdp_itower.log’
Archiving completed.
Moving to 192.168.1.60
Moving archive file completed.
removed ‘itower_20191028.tar.gz’
Cleaning all backup files completed.
Starting data pump export for itower...
Data pump export completed.
Archiving backup files...
expdp_itower.dmp
expdp_itower.log
removed ‘expdp_itower.dmp’
removed ‘expdp_itower.log’
Archiving completed.
Moving to 192.168.1.60
Moving archive file completed.
removed ‘itower_20191029.tar.gz’
Cleaning all backup files completed.
Starting data pump export for itower...
Data pump export completed.
Archiving backup files...
expdp_itower.dmp
expdp_itower.log
removed ‘expdp_itower.dmp’
removed ‘expdp_itower.log’
Archiving completed.
Moving to 192.168.1.60
Moving archive file completed.
removed ‘itower_20191030.tar.gz’
Cleaning all backup files completed.
Starting data pump export for itower...
Data pump export completed.
Archiving backup files...
expdp_itower.dmp
expdp_itower.log
removed ‘expdp_itower.dmp’
removed ‘expdp_itower.log’
Archiving completed.
Moving to 192.168.1.60
Moving archive file completed.
removed ‘itower_20191031.tar.gz’
Cleaning all backup files completed.
Starting data pump export for itower...
Data pump export completed.
Archiving backup files...
expdp_itower.dmp
expdp_itower.log
removed ‘expdp_itower.dmp’
removed ‘expdp_itower.log’
Archiving completed.
Moving to 192.168.1.60
Moving archive file completed.
removed ‘itower_20191101.tar.gz’
Cleaning all backup files completed.
Starting data pump export for itower...
Data pump export completed.
Archiving backup files...
expdp_itower.dmp
expdp_itower.log
removed ‘expdp_itower.dmp’
removed ‘expdp_itower.log’
Archiving completed.
Moving to 192.168.1.60
Moving archive file completed.
removed ‘itower_20191102.tar.gz’
Cleaning all backup files completed.
Starting data pump export for itower...
Data pump export completed.
Archiving backup files...
expdp_itower.dmp
expdp_itower.log
removed ‘expdp_itower.dmp’
removed ‘expdp_itower.log’
Archiving completed.
Moving to 192.168.1.60
Moving archive file completed.
removed ‘itower_20191103.tar.gz’
Cleaning all backup files completed.
Starting data pump export for itower...
Data pump export completed.
Archiving backup files...
expdp_itower.dmp
expdp_itower.log
removed ‘expdp_itower.dmp’
removed ‘expdp_itower.log’
Archiving completed.
Moving to 192.168.1.60
Moving archive file completed.
removed ‘itower_20191104.tar.gz’
Cleaning all backup files completed.
Starting data pump export for itower...
Data pump export completed.
Archiving backup files...
expdp_itower.dmp
expdp_itower.log
removed ‘expdp_itower.dmp’
removed ‘expdp_itower.log’
Archiving completed.
Moving to 192.168.1.60
Moving archive file completed.
removed ‘itower_20191105.tar.gz’
Cleaning all backup files completed.
Starting data pump export for itower...
Data pump export completed.
Archiving backup files...
expdp_itower.dmp
expdp_itower.log
removed ‘expdp_itower.dmp’
removed ‘expdp_itower.log’
Archiving completed.
Moving to 192.168.1.60
Moving archive file completed.
removed ‘itower_20191106.tar.gz’
Cleaning all backup files completed.
Starting data pump export for itower...
Data pump export completed.
Archiving backup files...
expdp_itower.dmp
expdp_itower.log
removed ‘expdp_itower.dmp’
removed ‘expdp_itower.log’
Archiving completed.
Moving to 192.168.1.60
Moving archive file completed.
removed ‘itower_20191107.tar.gz’
Cleaning all backup files completed.
Starting data pump export for itower...
Data pump export completed.
Archiving backup files...
expdp_itower.dmp
expdp_itower.log
removed ‘expdp_itower.dmp’
removed ‘expdp_itower.log’
Archiving completed.
Moving to 192.168.1.60
Moving archive file completed.
removed ‘itower_20191108.tar.gz’
Cleaning all backup files completed.
Starting data pump export for itower...
Data pump export completed.
Archiving backup files...
expdp_itower.dmp
expdp_itower.log
removed ‘expdp_itower.dmp’
removed ‘expdp_itower.log’
Archiving completed.
Moving to 192.168.1.60
Moving archive file completed.
removed ‘itower_20191109.tar.gz’
Cleaning all backup files completed.
Starting data pump export for itower...
Data pump export completed.
Archiving backup files...
expdp_itower.dmp
expdp_itower.log
removed ‘expdp_itower.dmp’
removed ‘expdp_itower.log’
Archiving completed.
Moving to 192.168.1.60
Moving archive file completed.
removed ‘itower_20191110.tar.gz’
Cleaning all backup files completed.
Starting data pump export for itower...
Data pump export completed.
Archiving backup files...
expdp_itower.dmp
expdp_itower.log
removed ‘expdp_itower.dmp’
removed ‘expdp_itower.log’
Archiving completed.
Moving to 192.168.1.60
Moving archive file completed.
removed ‘itower_20191111.tar.gz’
Cleaning all backup files completed.
Starting data pump export for itower...
Data pump export completed.
Archiving backup files...
expdp_itower.dmp
expdp_itower.log
removed ‘expdp_itower.dmp’
removed ‘expdp_itower.log’
Archiving completed.
Moving to 192.168.1.60
Moving archive file completed.
removed ‘itower_20191112.tar.gz’
Cleaning all backup files completed.
Starting data pump export for itower...
Data pump export completed.
Archiving backup files...
expdp_itower.dmp
expdp_itower.log
removed ‘expdp_itower.dmp’
removed ‘expdp_itower.log’
Archiving completed.
Moving to 192.168.1.60
Moving archive file completed.
removed ‘itower_20191113.tar.gz’
Cleaning all backup files completed.
Starting data pump export for itower...
Data pump export completed.
Archiving backup files...
expdp_itower.dmp
expdp_itower.log
removed ‘expdp_itower.dmp’
removed ‘expdp_itower.log’
Archiving completed.
Moving to 192.168.1.60
Moving archive file completed.
removed ‘itower_20191114.tar.gz’
Cleaning all backup files completed.
Starting data pump export for itower...
Data pump export completed.
Archiving backup files...
expdp_itower.dmp
expdp_itower.log
removed ‘expdp_itower.dmp’
removed ‘expdp_itower.log’
Archiving completed.
Moving to 192.168.1.60
Moving archive file completed.
removed ‘itower_20191115.tar.gz’
Cleaning all backup files completed.
Starting data pump export for itower...
Data pump export completed.
Archiving backup files...
expdp_itower.dmp
expdp_itower.log
removed ‘expdp_itower.dmp’
removed ‘expdp_itower.log’
Archiving completed.
Moving to 192.168.1.60
Moving archive file completed.
removed ‘itower_20191116.tar.gz’
Cleaning all backup files completed.
Starting data pump export for itower...
Data pump export completed.
Archiving backup files...
expdp_itower.dmp
expdp_itower.log
removed ‘expdp_itower.dmp’
removed ‘expdp_itower.log’
Archiving completed.
Moving to 192.168.1.60
Moving archive file completed.
removed ‘itower_20200825.tar.gz’
Cleaning all backup files completed.
Starting data pump export for itower...
Data pump export completed.
Archiving backup files...
expdp_itower.dmp
expdp_itower.log
removed ‘expdp_itower.dmp’
removed ‘expdp_itower.log’
Archiving completed.
Moving to 192.168.1.38
Moving archive file completed.
